<?xml version="1.0" encoding="UTF-8"?>
<!-- Generated by org.testng.reporters.JUnitXMLReporter -->
<testsuite ignored="1" hostname="LAPTOP-R07U5B31" failures="0" tests="4" name="Functional Test" time="38.908" errors="0" timestamp="2023-06-22T05:48:26 GST">
  <testcase classname="com.demoWebShop.testscript.HomeTest" name="TC_001_verifySubscribeEmailMessage" time="20.753"/>
  <testcase classname="com.demoWebShop.testscript.LoginTest" name="TC_001_verifyInvalidLoginErrorMessage" time="0.968"/>
  <testcase classname="com.demoWebShop.testscript.LoginTest" name="TC_001_verifyInvalidLoginErrorMessage" time="0.982"/>
  <testcase classname="com.demoWebShop.testscript.LoginTest" name="TC_001_verifyInvalidLoginErrorMessage" time="0.944"/>
  <testcase classname="com.demoWebShop.automationcore.Base" name="@BeforeSuite setExtent" time="0.0">
    <ignored/>
  </testcase> <!-- @BeforeSuite setExtent -->
</testsuite> <!-- Functional Test -->
