<?xml version="1.0" encoding="UTF-8"?>
<!-- Generated by org.testng.reporters.JUnitXMLReporter -->
<testsuite ignored="0" hostname="LAPTOP-R07U5B31" failures="0" tests="4" name="parameter testing-Grouping" time="38.512" errors="0" timestamp="2023-06-23T05:45:53 GST">
  <testcase classname="com.demoWebShop.testscript.HomeTest" name="TC_001_verifySubscribeEmailMessage" time="20.931"/>
  <testcase classname="com.demoWebShop.testscript.LoginTest" name="TC_001_verifyInvalidLoginErrorMessage" time="0.921"/>
  <testcase classname="com.demoWebShop.testscript.LoginTest" name="TC_001_verifyInvalidLoginErrorMessage" time="0.902"/>
  <testcase classname="com.demoWebShop.testscript.LoginTest" name="TC_001_verifyInvalidLoginErrorMessage" time="0.9"/>
</testsuite> <!-- parameter testing-Grouping -->
