<?xml version="1.0" encoding="UTF-8"?>
<testng-results ignored="0" total="1" passed="1" failed="0" skipped="0">
  <reporter-output>
  </reporter-output>
  <suite started-at="2023-06-23T06:19:13 GST" name="Suite" finished-at="2023-06-23T06:19:40 GST" duration-ms="27373">
    <groups>
      <group name="Regression">
        <method signature="HomeTest.TC_001_verifySubscribeEmailMessage()[pri:1, instance:com.demoWebShop.testscript.HomeTest@5f77d0f9]" name="TC_001_verifySubscribeEmailMessage" class="com.demoWebShop.testscript.HomeTest"/>
      </group> <!-- Regression -->
    </groups>
    <test started-at="2023-06-23T06:19:13 GST" name="chrome Test" finished-at="2023-06-23T06:19:40 GST" duration-ms="27373">
      <class name="com.demoWebShop.testscript.HomeTest">
        <test-method is-config="true" signature="setExtent(org.testng.ITestContext)[pri:0, instance:com.demoWebShop.testscript.HomeTest@5f77d0f9]" started-at="2023-06-23T06:19:12 GST" name="setExtent" finished-at="2023-06-23T06:19:13 GST" duration-ms="17" status="PASS">
          <params>
            <param index="0">
              <value>
                <![CDATA[org.testng.TestRunner@5f366587]]>
              </value>
            </param>
          </params>
          <reporter-output>
          </reporter-output>
        </test-method> <!-- setExtent -->
        <test-method is-config="true" signature="setUP(java.lang.String)[pri:0, instance:com.demoWebShop.testscript.HomeTest@5f77d0f9]" started-at="2023-06-23T06:19:13 GST" name="setUP" finished-at="2023-06-23T06:19:18 GST" duration-ms="5671" status="PASS">
          <params>
            <param index="0">
              <value>
                <![CDATA[chrome]]>
              </value>
            </param>
          </params>
          <reporter-output>
          </reporter-output>
        </test-method> <!-- setUP -->
        <test-method signature="TC_001_verifySubscribeEmailMessage()[pri:1, instance:com.demoWebShop.testscript.HomeTest@5f77d0f9]" started-at="2023-06-23T06:19:18 GST" name="TC_001_verifySubscribeEmailMessage" description="TC_001_verifySubscribeEmailMessage" finished-at="2023-06-23T06:19:39 GST" duration-ms="20875" status="PASS">
          <reporter-output>
          </reporter-output>
        </test-method> <!-- TC_001_verifySubscribeEmailMessage -->
        <test-method is-config="true" signature="tearDown(org.testng.ITestResult)[pri:0, instance:com.demoWebShop.testscript.HomeTest@5f77d0f9]" started-at="2023-06-23T06:19:39 GST" name="tearDown" finished-at="2023-06-23T06:19:40 GST" duration-ms="777" status="PASS">
          <params>
            <param index="0">
              <value>
                <![CDATA[[TestResult name=TC_001_verifySubscribeEmailMessage status=SUCCESS method=HomeTest.TC_001_verifySubscribeEmailMessage()[pri:1, instance:com.demoWebShop.testscript.HomeTest@5f77d0f9] output={null}]]]>
              </value>
            </param>
          </params>
          <reporter-output>
          </reporter-output>
        </test-method> <!-- tearDown -->
      </class> <!-- com.demoWebShop.testscript.HomeTest -->
    </test> <!-- chrome Test -->
  </suite> <!-- Suite -->
</testng-results>
